<?xml version="1.0" encoding="UTF-8"?>
<!-- Generated by org.testng.reporters.JUnitReportReporter -->
<testsuite hostname="manish-Latitude-3460" failures="0" tests="3" name="com.inetbanking.testClass.TestLoginPage_DataDriven" time="97.254" errors="0" timestamp="26 May 2019 11:10:37 GMT" skipped="0">
  <testcase classname="com.inetbanking.testClass.TestLoginPage_DataDriven" name="loginTestDataDriven" time="29.357"/>
  <testcase classname="com.inetbanking.testClass.TestLoginPage_DataDriven" name="loginTestDataDriven" time="26.624"/>
  <testcase classname="com.inetbanking.testClass.TestLoginPage_DataDriven" name="loginTestDataDriven" time="41.273"/>
</testsuite> <!-- com.inetbanking.testClass.TestLoginPage_DataDriven -->
